<?xml version="1.0" encoding="UTF-8"?>
<testsuite name="AppTest" tests="2" skipped="0" failures="0" errors="0" timestamp="2016-01-06T00:17:03" hostname="epicodus-33.local" time="0.002">
  <properties/>
  <testcase name="numberToWord_forTwoDigitNumber_fortytwo" classname="AppTest" time="0.001"/>
  <testcase name="numberToWord_forOneDigitNumber_seven" classname="AppTest" time="0.0"/>
  <system-out><![CDATA[]]></system-out>
  <system-err><![CDATA[]]></system-err>
</testsuite>
