<?xml version="1.0" encoding="UTF-8"?>
<testsuite name="AppTest" tests="1" skipped="0" failures="0" errors="0" timestamp="2016-01-05T23:09:04" hostname="epicodus-33.local" time="0.001">
  <properties/>
  <testcase name="numberToWord_forOneDigitNumber_seven" classname="AppTest" time="0.001"/>
  <system-out><![CDATA[]]></system-out>
  <system-err><![CDATA[]]></system-err>
</testsuite>
